<?xml version="1.0" encoding="utf-8" standalone="no"?>
<test-run id="2" testcasecount="4" result="Passed" total="4" passed="4" failed="0" inconclusive="0" skipped="0" asserts="20" engine-version="3.7.0.0" clr-version="4.0.30319.42000" start-time="2017-10-30 09:10:06Z" end-time="2017-10-30 09:10:07Z" duration="1.192113">
  <command-line><![CDATA[nunit3-console  G:\ClassLibrary2\ClassLibrary2\bin\Debug\ClassLibrary2.dll]]></command-line>
  <test-suite type="Assembly" id="0-1005" name="ClassLibrary2.dll" fullname="G:\ClassLibrary2\ClassLibrary2\bin\Debug\ClassLibrary2.dll" runstate="Runnable" testcasecount="4" result="Passed" start-time="2017-10-30 09:10:07Z" end-time="2017-10-30 09:10:07Z" duration="0.085804" total="4" passed="4" failed="0" warnings="0" inconclusive="0" skipped="0" asserts="20">
    <environment framework-version="3.8.1.0" clr-version="4.0.30319.42000" os-version="Microsoft Windows NT 10.0.15063.0" platform="Win32NT" cwd="G:\ClassLibrary2" machine-name="DESKTOP-V6F9DU5" user="frost" user-domain="DESKTOP-V6F9DU5" culture="ru-RU" uiculture="ru-RU" os-architecture="x64" />
    <settings>
      <setting name="DisposeRunners" value="True" />
      <setting name="WorkDirectory" value="G:\ClassLibrary2" />
      <setting name="ImageRuntimeVersion" value="4.0.30319" />
      <setting name="ImageTargetFrameworkName" value=".NETFramework,Version=v4.5.2" />
      <setting name="ImageRequiresX86" value="False" />
      <setting name="ImageRequiresDefaultAppDomainAssemblyResolver" value="False" />
      <setting name="NumberOfTestWorkers" value="4" />
    </settings>
    <properties>
      <property name="_PID" value="15248" />
      <property name="_APPDOMAIN" value="domain-" />
    </properties>
    <test-suite type="TestSuite" id="0-1006" name="ClassLibrary2" fullname="ClassLibrary2" runstate="Runnable" testcasecount="4" result="Passed" start-time="2017-10-30 09:10:07Z" end-time="2017-10-30 09:10:07Z" duration="0.055710" total="4" passed="4" failed="0" warnings="0" inconclusive="0" skipped="0" asserts="20">
      <test-suite type="TestFixture" id="0-1000" name="Test" fullname="ClassLibrary2.Test" classname="ClassLibrary2.Test" runstate="Runnable" testcasecount="4" result="Passed" start-time="2017-10-30 09:10:07Z" end-time="2017-10-30 09:10:07Z" duration="0.047197" total="4" passed="4" failed="0" warnings="0" inconclusive="0" skipped="0" asserts="20">
        <test-case id="0-1004" name="TestDivide" fullname="ClassLibrary2.Test.TestDivide" methodname="TestDivide" classname="ClassLibrary2.Test" runstate="Runnable" seed="908723262" result="Passed" start-time="2017-10-30 09:10:07Z" end-time="2017-10-30 09:10:07Z" duration="0.028797" asserts="5" />
        <test-case id="0-1002" name="TestMinus" fullname="ClassLibrary2.Test.TestMinus" methodname="TestMinus" classname="ClassLibrary2.Test" runstate="Runnable" seed="1252187263" result="Passed" start-time="2017-10-30 09:10:07Z" end-time="2017-10-30 09:10:07Z" duration="0.000877" asserts="5" />
        <test-case id="0-1003" name="TestMultiply" fullname="ClassLibrary2.Test.TestMultiply" methodname="TestMultiply" classname="ClassLibrary2.Test" runstate="Runnable" seed="564078572" result="Passed" start-time="2017-10-30 09:10:07Z" end-time="2017-10-30 09:10:07Z" duration="0.000802" asserts="5" />
        <test-case id="0-1001" name="TestOneAdd" fullname="ClassLibrary2.Test.TestOneAdd" methodname="TestOneAdd" classname="ClassLibrary2.Test" runstate="Runnable" seed="288133827" result="Passed" start-time="2017-10-30 09:10:07Z" end-time="2017-10-30 09:10:07Z" duration="0.000827" asserts="5" />
      </test-suite>
    </test-suite>
  </test-suite>
</test-run>